<?xml version="1.0" encoding="UTF-8"?>
<!-- Generated by org.testng.reporters.JUnitReportReporter -->
<testsuite hostname="DESKTOP-7R54CV9" failures="0" tests="1" name="testNGPack2.Class4" time="7.335" errors="0" timestamp="2023-01-20T14:06:44 IST" skipped="0">
  <testcase classname="testNGPack2.Class4" name="selenium" time="7.335"/>
  <system-out/>
</testsuite> <!-- testNGPack2.Class4 -->
