<?xml version="1.0" encoding="UTF-8"?>
<!-- Generated by org.testng.reporters.JUnitReportReporter -->
<testsuite hostname="DESKTOP-7R54CV9" failures="0" tests="3" name="testNGPack2.Flag4" time="0.021" errors="0" timestamp="2023-01-20T14:44:49 IST" skipped="0">
  <testcase classname="testNGPack2.Flag4" name="logInMethod" time="0.015"/>
  <system-out>
    <![CDATA[LogIn is done!!]]>
  </system-out>
  <testcase classname="testNGPack2.Flag4" name="createUser" time="0.004"/>
  <system-out>
    <![CDATA[user created!!]]>
  </system-out>
  <testcase classname="testNGPack2.Flag4" name="logoutMethod" time="0.002"/>
  <system-out>
    <![CDATA[Logout is done!!]]>
  </system-out>
</testsuite> <!-- testNGPack2.Flag4 -->
