<?xml version="1.0" encoding="UTF-8"?>
<!-- Generated by org.testng.reporters.JUnitReportReporter -->
<testsuite hostname="DESKTOP-7R54CV9" failures="0" tests="1" name="testNGPack2.Class5" time="1.857" errors="0" timestamp="2023-01-21T11:55:25 IST" skipped="0">
  <testcase classname="testNGPack2.Class5" name="sql" time="1.857"/>
  <system-out>
    <![CDATA[This is sql method]]>
  </system-out>
</testsuite> <!-- testNGPack2.Class5 -->
