<?xml version="1.0" encoding="UTF-8"?>
<!-- Generated by org.testng.reporters.JUnitReportReporter -->
<testsuite hostname="DESKTOP-7R54CV9" failures="0" tests="1" name="testNgPack.NewTest" time="0.015" errors="0" timestamp="2023-01-22T23:08:48 IST" skipped="0">
  <testcase classname="testNgPack.NewTest" name="f" time="0.015"/>
  <system-out/>
</testsuite> <!-- testNgPack.NewTest -->
