<?xml version="1.0" encoding="UTF-8"?>
<!-- Generated by org.testng.reporters.JUnitReportReporter -->
<testsuite hostname="DESKTOP-7R54CV9" failures="0" tests="1" name="testNGPack2.Class2" time="6.734" errors="0" timestamp="2023-01-20T14:24:18 IST" skipped="0">
  <testcase classname="testNGPack2.Class2" name="manual" time="6.734"/>
  <system-out/>
</testsuite> <!-- testNGPack2.Class2 -->
