<?xml version="1.0" encoding="UTF-8"?>
<!-- Generated by org.testng.reporters.JUnitReportReporter -->
<testsuite hostname="DESKTOP-7R54CV9" failures="0" tests="1" name="testNGPack2.NewTest" time="0.016" errors="0" timestamp="2023-01-22T23:10:32 IST" skipped="0">
  <testcase classname="testNGPack2.NewTest" name="f" time="0.016"/>
  <system-out/>
</testsuite> <!-- testNGPack2.NewTest -->
