<?xml version="1.0" encoding="UTF-8"?>
<!-- Generated by org.testng.reporters.JUnitReportReporter -->
<testsuite hostname="DESKTOP-7R54CV9" failures="0" tests="1" name="testNGPack2.Class6" time="3.165" errors="0" timestamp="2023-01-21T11:55:25 IST" skipped="0">
  <testcase classname="testNGPack2.Class6" name="manual" time="3.165"/>
  <system-out>
    <![CDATA[This is manual method]]>
  </system-out>
</testsuite> <!-- testNGPack2.Class6 -->
