<?xml version="1.0" encoding="UTF-8"?>
<!-- Generated by org.testng.reporters.JUnitReportReporter -->
<testsuite hostname="DESKTOP-7R54CV9" failures="0" tests="1" name="testNgPack.Sumo" time="0.002" errors="0" timestamp="2023-01-21T11:50:14 IST" skipped="0">
  <testcase classname="testNgPack.Sumo" name="sumo" time="0.002"/>
  <system-out>
    <![CDATA[this is sumo method]]>
  </system-out>
</testsuite> <!-- testNgPack.Sumo -->
