<?xml version="1.0" encoding="UTF-8"?>
<!-- Generated by org.testng.reporters.JUnitReportReporter -->
<testsuite hostname="DESKTOP-7R54CV9" failures="0" tests="1" name="testNGPack2.NoAnnotation" time="0.019" errors="0" timestamp="2023-01-23T13:35:03 IST" skipped="0">
  <testcase classname="testNGPack2.NoAnnotation" name="test" time="0.019"/>
  <system-out>
    <![CDATA[@Test Anotation]]>
  </system-out>
</testsuite> <!-- testNGPack2.NoAnnotation -->
