<?xml version="1.0" encoding="UTF-8"?>
<!-- Generated by org.testng.reporters.JUnitReportReporter -->
<testsuite hostname="DESKTOP-7R54CV9" failures="0" tests="1" name="testNGPack2.Class1" time="7.604" errors="0" timestamp="2023-01-20T14:17:10 IST" skipped="0">
  <testcase classname="testNGPack2.Class1" name="sql" time="7.604"/>
  <system-out/>
</testsuite> <!-- testNGPack2.Class1 -->
