<?xml version="1.0" encoding="UTF-8"?>
<!-- Generated by org.testng.reporters.JUnitReportReporter -->
<testsuite hostname="DESKTOP-7R54CV9" failures="0" tests="2" name="testNgPack.SelectBrowser" time="4.014" errors="0" timestamp="2023-01-24T15:19:00 IST" skipped="0">
  <testcase classname="testNgPack.SelectBrowser" name="openBrowser" time="1.263"/>
  <system-out/>
  <testcase classname="testNgPack.SelectBrowser" name="openBrowser" time="2.751"/>
  <system-out/>
</testsuite> <!-- testNgPack.SelectBrowser -->
