<?xml version="1.0" encoding="UTF-8"?>
<!-- Generated by org.testng.reporters.JUnitReportReporter -->
<testsuite hostname="DESKTOP-7R54CV9" failures="0" tests="1" name="testNGPack2.Class3" time="5.771" errors="0" timestamp="2023-01-20T14:06:44 IST" skipped="0">
  <testcase classname="testNGPack2.Class3" name="java" time="5.771"/>
  <system-out/>
</testsuite> <!-- testNGPack2.Class3 -->
