<?xml version="1.0" encoding="UTF-8"?>
<!-- Generated by org.testng.reporters.JUnitReportReporter -->
<testsuite hostname="DESKTOP-7R54CV9" failures="0" tests="10" name="testNGPack2.Flag3" time="50.159" errors="0" timestamp="2023-01-20T14:36:15 IST" skipped="0">
  <testcase classname="testNGPack2.Flag3" name="flag3" time="4.049"/>
  <system-out/>
  <testcase classname="testNGPack2.Flag3" name="flag3" time="5.935"/>
  <system-out/>
  <testcase classname="testNGPack2.Flag3" name="flag3" time="3.231"/>
  <system-out/>
  <testcase classname="testNGPack2.Flag3" name="flag3" time="5.252"/>
  <system-out/>
  <testcase classname="testNGPack2.Flag3" name="flag3" time="4.577"/>
  <system-out/>
  <testcase classname="testNGPack2.Flag3" name="flag3" time="8.069"/>
  <system-out/>
  <testcase classname="testNGPack2.Flag3" name="flag3" time="3.083"/>
  <system-out/>
  <testcase classname="testNGPack2.Flag3" name="flag3" time="5.309"/>
  <system-out/>
  <testcase classname="testNGPack2.Flag3" name="flag3" time="5.204"/>
  <system-out/>
  <testcase classname="testNGPack2.Flag3" name="flag3" time="5.450"/>
  <system-out/>
</testsuite> <!-- testNGPack2.Flag3 -->
