<?xml version="1.0" encoding="UTF-8"?>
<!-- Generated by org.testng.reporters.JUnitReportReporter -->
<testsuite hostname="DESKTOP-7R54CV9" failures="0" tests="2" name="testNGParallal.TestNg3" time="0.018" errors="0" timestamp="2023-01-23T14:02:04 IST" skipped="0">
  <testcase classname="testNGParallal.TestNg3" name="method2" time="0.002"/>
  <system-out>
    <![CDATA[i am method2]]>
  </system-out>
  <testcase classname="testNGParallal.TestNg3" name="method1" time="0.016"/>
  <system-out>
    <![CDATA[i am method1]]>
  </system-out>
</testsuite> <!-- testNGParallal.TestNg3 -->
