<?xml version="1.0" encoding="UTF-8"?>
<!-- Generated by org.testng.reporters.JUnitReportReporter -->
<testsuite hostname="DESKTOP-7R54CV9" failures="0" tests="2" name="testNGParallal.TestNG4" time="0.021" errors="0" timestamp="2023-01-23T14:39:30 IST" skipped="0">
  <testcase classname="testNGParallal.TestNG4" name="tommorow" time="0.005"/>
  <system-out>
    <![CDATA[this is  tommorow method17is the thread]]>
  </system-out>
  <testcase classname="testNGParallal.TestNG4" name="today" time="0.016"/>
  <system-out>
    <![CDATA[this is today method17is the thread]]>
  </system-out>
</testsuite> <!-- testNGParallal.TestNG4 -->
