<?xml version="1.0" encoding="UTF-8"?>
<!-- Generated by org.testng.reporters.JUnitReportReporter -->
<testsuite hostname="DESKTOP-7R54CV9" failures="0" tests="1" name="testNGParallal.TestNg2" time="0.021" errors="0" timestamp="2023-01-23T13:54:45 IST" skipped="0">
  <testcase classname="testNGParallal.TestNg2" name="m2" time="0.021"/>
  <system-out>
    <![CDATA[m2 method]]>
  </system-out>
</testsuite> <!-- testNGParallal.TestNg2 -->
